=== NEGF starts ===
=== Matrix has been loaded ===
=== NEGF has completed ===
=== Saving Data ===

=== Time ===
time took to load file: 0.012990
average time to calculate g00_l 0.002450
average time to calculate g00_r 0.002426
average time to calculate gs 0.000002
time took for total calculation 5.484603 

=== Display ===
=== NEGF starts ===
=== Matrix has been loaded ===
=== NEGF has completed ===
=== Saving Data ===

=== Time ===
time took to load file: 0.011993
average time to calculate g00_l 0.002525
average time to calculate g00_r 0.002480
average time to calculate gs 0.000003
time took for total calculation 5.549564 

=== Display ===
=== NEGF starts ===
=== Matrix has been loaded ===
=== NEGF has completed ===
=== Saving Data ===

=== Time ===
time took to load file: 0.013996
average time to calculate g00_l 0.002643
average time to calculate g00_r 0.002591
average time to calculate gs 0.000003
time took for total calculation 5.907608 

=== Display ===
=== NEGF starts ===
=== Matrix has been loaded ===
=== NEGF starts ===
=== Matrix has been loaded ===
=== NEGF has completed ===
=== Saving Data ===

=== Time ===
time took to load file: 0.030980
average time to calculate g00_l 0.002804
average time to calculate g00_r 0.002789
average time to calculate gs 0.000003
time took for total calculation 6.306966 

=== Display ===
