=== NEGF starts ===
=== Matrix has been loaded ===
=== NEGF has completed ===
=== Saving Data ===

=== Time ===
time took to load file: 0.007996
average time to calculate g00_l 0.001088
average time to calculate g00_r 0.001097
average time to calculate gs 0.000001
time took for total calculation 2.509835 

=== Display ===
=== NEGF starts ===
=== Matrix has been loaded ===
=== NEGF has completed ===
=== Saving Data ===

=== Time ===
time took to load file: 0.007993
average time to calculate g00_l 0.001070
average time to calculate g00_r 0.001135
average time to calculate gs 0.000001
time took for total calculation 2.528956 

=== Display ===
=== NEGF starts ===
=== Matrix has been loaded ===
=== NEGF has completed ===
=== Saving Data ===

=== Time ===
time took to load file: 0.026390
average time to calculate g00_l 0.001001
average time to calculate g00_r 0.001009
average time to calculate gs 0.000001
time took for total calculation 2.318415 

=== Display ===
=== NEGF starts ===
=== Matrix has been loaded ===
=== NEGF has completed ===
=== Saving Data ===

=== Time ===
time took to load file: 0.007993
average time to calculate g00_l 0.001003
average time to calculate g00_r 0.001014
average time to calculate gs 0.000001
time took for total calculation 2.332735 

=== Display ===
=== NEGF starts ===
=== Matrix has been loaded ===
=== NEGF has completed ===
=== Saving Data ===

=== Time ===
time took to load file: 0.007994
average time to calculate g00_l 0.001101
average time to calculate g00_r 0.001123
average time to calculate gs 0.000001
time took for total calculation 2.573689 

=== Display ===
