=== NEGF starts ===
=== Matrix has been loaded ===
=== NEGF has completed ===
=== Saving Data ===

=== Time ===
time took to load file: 0.031247
average time to calculate g00_l 0.012187
average time to calculate g00_r 0.011731
average time to calculate gs 0.000012
time took for total calculation 25.793719 

=== Display ===
=== NEGF starts ===
=== Matrix has been loaded ===
=== NEGF has completed ===
=== Saving Data ===

=== Time ===
time took to load file: 0.046870
average time to calculate g00_l 0.019510
average time to calculate g00_r 0.020018
average time to calculate gs 0.000020
time took for total calculation 41.327806 

=== Display ===
