=== NEGF starts ===
=== Matrix has been loaded ===
=== NEGF has completed ===
=== Saving Data ===

=== Time ===
time took to load file: 0.008995
average time to calculate g00_l 0.005339
average time to calculate g00_r 0.000964
average time to calculate gs 0.000005
time took for total calculation 6.712138 

=== Display ===
=== NEGF starts ===
=== Matrix has been loaded ===
=== NEGF has completed ===
=== Saving Data ===

=== Time ===
time took to load file: 0.002997
average time to calculate g00_l 0.000349
average time to calculate g00_r 0.000445
average time to calculate gs 0.000000
time took for total calculation 0.959184 

=== Display ===
